\BOOKMARK [1][]{section.1}{\376\377\116\000\060\001\000\040\225\356\230\230\143\320\121\372\116\016\221\315\217\360}{}% 1
\BOOKMARK [2][]{subsection.1.1}{\376\377\0001\000.\0001\000\040\225\356\230\230\166\204\143\320\121\372}{section.1}% 2
\BOOKMARK [2][]{subsection.1.2}{\376\377\0001\000.\0002\000\040\225\356\230\230\166\204\221\315\217\360}{section.1}% 3
\BOOKMARK [1][]{section.2}{\376\377\116\214\060\001\000\040\225\356\230\230\122\006\147\220}{}% 4
\BOOKMARK [2][]{subsection.2.1}{\376\377\0002\000.\0001\000\040\225\356\230\230\166\204\122\006\147\220}{section.2}% 5
\BOOKMARK [1][]{section.3}{\376\377\116\011\060\001\000\040\152\041\127\213\166\204\120\107\213\276}{}% 6
\BOOKMARK [2][]{subsection.3.1}{\376\377\0003\000.\0001\000\040\152\041\127\213\166\204\120\107\213\276}{section.3}% 7
\BOOKMARK [1][]{section.4}{\376\377\126\333\060\001\000\040\173\046\123\367\213\364\146\016}{}% 8
\BOOKMARK [1][]{section.5}{\376\377\116\224\060\001\000\040\152\041\127\213\136\372\172\313\116\016\154\102\211\343}{}% 9
\BOOKMARK [2][]{subsection.5.1}{\376\377\0005\000.\0001\000\040\225\356\230\230\116\000\166\204\136\372\152\041\116\016\211\343\173\124}{section.5}% 10
\BOOKMARK [3][]{subsubsection.5.1.1}{\376\377\0005\000.\0001\000.\0001\000\040\145\160\143\156\156\005\155\027}{subsection.5.1}% 11
\BOOKMARK [3][]{subsubsection.5.1.2}{\376\377\0005\000.\0001\000.\0002\000\040\145\160\143\156\176\337\213\241}{subsection.5.1}% 12
\BOOKMARK [3][]{subsubsection.5.1.3}{\376\377\0005\000.\0001\000.\0003\000\040\145\057\116\330\210\114\116\072\152\041\127\213}{subsection.5.1}% 13
\BOOKMARK [3][]{subsubsection.5.1.4}{\376\377\0005\000.\0001\000.\0004\000\040\145\057\116\330\162\171\137\201\122\006\147\220}{subsection.5.1}% 14
\BOOKMARK [2][]{subsection.5.2}{\376\377\0005\000.\0002\000\040\225\356\230\230\116\214\166\204\136\372\152\041\116\016\211\343\173\124}{section.5}% 15
\BOOKMARK [3][]{subsubsection.5.2.1}{\376\377\0005\000.\0002\000.\0001\000\040\173\054\116\011\145\271\145\057\116\330\136\163\123\360\166\204\145\066\121\145}{subsection.5.2}% 16
\BOOKMARK [3][]{subsubsection.5.2.2}{\376\377\0005\000.\0002\000.\0002\000\040\173\054\116\011\145\271\145\057\116\330\136\163\123\360\166\204\145\057\121\372}{subsection.5.2}% 17
\BOOKMARK [3][]{subsubsection.5.2.3}{\376\377\0005\000.\0002\000.\0003\000\040\173\054\116\011\145\271\145\057\116\330\136\163\123\360\166\204\166\310\122\051\152\041\127\213}{subsection.5.2}% 18
\BOOKMARK [2][]{subsection.5.3}{\376\377\0005\000.\0003\000\040\116\373\122\241\116\214\152\041\127\213\166\204\154\102\211\343}{section.5}% 19
\BOOKMARK [1][]{section.6}{\376\377\121\155\060\001\000\040\152\041\127\213\166\204\213\304\116\367}{}% 20
\BOOKMARK [2][]{subsection.6.1}{\376\377\0006\000.\0001\000\040\152\041\127\213\166\204\117\030\160\271}{section.6}% 21
\BOOKMARK [2][]{subsection.6.2}{\376\377\0006\000.\0002\000\040\152\041\127\213\166\204\177\072\160\271}{section.6}% 22
\BOOKMARK [2][]{subsection.6.3}{\376\377\0006\000.\0003\000\040\152\041\127\213\166\204\145\071\217\333}{section.6}% 23
\BOOKMARK [2][]{subsection.6.4}{\376\377\0006\000.\0004\000\040\152\041\127\213\166\204\143\250\136\177\116\016\136\224\165\050}{section.6}% 24
\BOOKMARK [1][]{section*.7}{\376\377\123\302\200\003\145\207\163\056}{}% 25
\BOOKMARK [1][]{附录.a.A}{\376\377\226\104\137\125\000\040\000A\000\040\220\127\117\040\173\227\154\325\040\023\000p\000y\000t\000h\000o\000n\000\040\156\220\172\013\136\217}{}% 26
\BOOKMARK [1][]{附录.a.B}{\376\377\226\104\137\125\000\040\000B\000\040\172\013\136\217\040\023\000X\116\343\170\001}{}% 27
