234	601
6	595
7	588
5	583
0	583
0	583
0	583
6	577
1	576
8	568
0	568
1	567
0	567
0	567
11	556
5	551
5	546
0	546
1	545
1	544
2	542
3	539
4	535
0	535
1	534
10	524
2	522
1	521
0	521
9	512
10	502
2	500
2	498
1	497
7	490
0	490
3	487
0	487
0	487
0	487
0	487
0	487
0	487
0	487
0	487
5	482
1	481
7	474
4	470
0	470
1	469
1	468
0	468
6	462
0	462
1	461
3	458
0	458
4	454
0	454
7	447
0	447
4	443
0	443
4	439
5	434
5	429
5	424
5	419
3	416
5	411
0	411
10	401
0	401
0	401
0	401
0	401
0	401
0	401
0	401
2	399
0	399
0	399
0	399
1	398
0	398
0	398
0	398
0	398
7	391
5	386
0	386
7	379
0	379
0	379
5	374
9	365
1	364
4	360
0	360
1	359
4	355
0	355
1	354
0	354
1	353
0	353
1	352
0	352
4	348
0	348
0	348
0	348
0	348
0	348
0	348
0	348
0	348
0	348
0	348
1	347
0	347
0	347
0	347
0	347
3	344
0	344
2	342
3	339
8	331
0	331
2	329
0	329
0	329
1	328
0	328
1	327
5	322
0	322
0	322
0	322
0	322
2	320
0	320
0	320
0	320
0	320
1	319
0	319
0	319
0	319
0	319
0	319
6	313
0	313
2	311
3	308
5	303
0	303
1	302
0	302
1	301
0	301
0	301
0	301
0	301
0	301
0	301
0	301
0	301
0	301
0	301
0	301
2	299
0	299
0	299
0	299
0	299
0	299
0	299
0	299
0	299
0	299
0	299
1	298
6	292
0	292
0	292
1	291
0	291
0	291
3	288
2	286
1	285
4	281
0	281
1	280
2	278
0	278
0	278
0	278
0	278
0	278
0	278
1	277
0	277
0	277
0	277
0	277
0	277
0	277
0	277
0	277
0	277
4	273
2	271
0	271
0	271
0	271
2	269
0	269
4	265
0	265
0	265
1	264
0	264
0	264
0	264
0	264
0	264
0	264
0	264
0	264
0	264
0	264
0	264
0	264
2	262
1	261
4	257
0	257
2	255
0	255
0	255
0	255
2	253
1	252
1	251
5	246
1	245
3	242
0	242
1	241
0	241
0	241
0	241
0	241
0	241
0	241
0	241
0	241
0	241
0	241
0	241
0	241
0	241
0	241
0	241
0	241
0	241
0	241
0	241
0	241
0	241
0	241
0	241
0	241
0	241
0	241
0	241
2	239
11	228
0	228
0	228
4	224
2	222
1	221
1	220
3	217
0	217
0	217
0	217
0	217
0	217
0	217
1	216
0	216
0	216
1	215
0	215
0	215
0	215
1	214
0	214
0	214
1	213
0	213
0	213
0	213
6	207
0	207
0	207
0	207
0	207
0	207
6	201
0	201
1	200
2	198
1	197
0	197
0	197
0	197
0	197
0	197
0	197
0	197
0	197
0	197
0	197
0	197
0	197
0	197
0	197
0	197
0	197
0	197
3	194
6	188
0	188
0	188
0	188
0	188
1	187
0	187
0	187
0	187
2	185
0	185
0	185
0	185
0	185
0	185
1	184
0	184
0	184
0	184
0	184
0	184
0	184
0	184
4	180
0	180
0	180
0	180
0	180
0	180
0	180
0	180
0	180
0	180
0	180
0	180
0	180
0	180
0	180
0	180
0	180
0	180
0	180
0	180
0	180
0	180
1	179
0	179
0	179
0	179
0	179
0	179
0	179
0	179
0	179
0	179
0	179
0	179
0	179
0	179
0	179
0	179
3	176
0	176
0	176
1	175
3	172
0	172
0	172
0	172
0	172
10	162
3	159
0	159
0	159
0	159
0	159
0	159
0	159
2	157
0	157
0	157
0	157
0	157
0	157
0	157
0	157
3	154
0	154
0	154
0	154
1	153
1	152
0	152
0	152
0	152
0	152
0	152
0	152
0	152
0	152
0	152
5	147
5	142
0	142
0	142
0	142
0	142
0	142
0	142
0	142
0	142
0	142
0	142
0	142
0	142
0	142
0	142
0	142
0	142
0	142
0	142
0	142
0	142
0	142
0	142
0	142
0	142
0	142
0	142
0	142
0	142
0	142
0	142
0	142
9	133
0	133
5	128
0	128
0	128
0	128
0	128
0	128
0	128
0	128
0	128
0	128
0	128
0	128
0	128
0	128
0	128
0	128
0	128
0	128
0	128
1	127
1	126
0	126
2	124
1	123
0	123
0	123
0	123
0	123
0	123
0	123
1	122
0	122
0	122
0	122
6	116
0	116
0	116
1	115
0	115
0	115
0	115
0	115
0	115
0	115
0	115
0	115
0	115
1	114
0	114
1	113
0	113
0	113
0	113
0	113
0	113
0	113
0	113
0	113
0	113
4	109
0	109
0	109
0	109
0	109
0	109
0	109
0	109
0	109
0	109
2	107
0	107
0	107
0	107
0	107
0	107
0	107
0	107
0	107
0	107
0	107
0	107
0	107
0	107
0	107
0	107
0	107
0	107
0	107
0	107
0	107
0	107
0	107
1	106
0	106
2	104
0	104
0	104
0	104
0	104
0	104
0	104
0	104
0	104
0	104
0	104
0	104
0	104
0	104
0	104
0	104
0	104
0	104
0	104
0	104
0	104
0	104
3	101
0	101
1	100
0	100
0	100
0	100
0	100
0	100
0	100
0	100
0	100
0	100
0	100
0	100
0	100
0	100
0	100
0	100
0	100
1	99
0	99
0	99
0	99
0	99
0	99
0	99
0	99
0	99
0	99
0	99
0	99
0	99
0	99
0	99
0	99
0	99
0	99
0	99
0	99
0	99
0	99
0	99
1	98
0	98
0	98
0	98
1	97
0	97
0	97
0	97
0	97
3	94
0	94
0	94
0	94
0	94
0	94
1	93
0	93
0	93
0	93
0	93
0	93
1	92
0	92
0	92
0	92
0	92
0	92
0	92
0	92
0	92
0	92
0	92
0	92
0	92
0	92
0	92
0	92
0	92
2	90
0	90
0	90
0	90
0	90
0	90
0	90
0	90
0	90
0	90
0	90
0	90
0	90
0	90
0	90
0	90
0	90
0	90
0	90
0	90
0	90
0	90
0	90
0	90
0	90
0	90
0	90
2	88
1	87
0	87
2	85
0	85
0	85
0	85
0	85
0	85
0	85
0	85
2	83
0	83
0	83
1	82
0	82
0	82
2	80
0	80
0	80
0	80
1	79
3	76
0	76
2	74
0	74
0	74
0	74
1	73
0	73
0	73
0	73
0	73
0	73
0	73
0	73
0	73
0	73
0	73
0	73
0	73
0	73
0	73
0	73
1	72
0	72
0	72
5	67
0	67
0	67
1	66
0	66
0	66
0	66
0	66
0	66
0	66
0	66
0	66
0	66
0	66
0	66
0	66
0	66
1	65
0	65
0	65
0	65
0	65
0	65
0	65
0	65
0	65
2	63
0	63
0	63
0	63
0	63
0	63
0	63
0	63
0	63
0	63
0	63
0	63
0	63
0	63
0	63
0	63
0	63
0	63
0	63
0	63
0	63
0	63
0	63
0	63
0	63
0	63
0	63
0	63
3	60
0	60
1	59
0	59
0	59
0	59
0	59
0	59
0	59
0	59
0	59
0	59
0	59
0	59
0	59
0	59
0	59
0	59
0	59
0	59
1	58
1	57
0	57
1	56
0	56
0	56
2	54
0	54
0	54
0	54
0	54
0	54
0	54
0	54
0	54
0	54
0	54
0	54
0	54
0	54
0	54
0	54
0	54
1	53
0	53
1	52
0	52
0	52
0	52
0	52
2	50
0	50
0	50
0	50
0	50
0	50
0	50
0	50
0	50
0	50
0	50
0	50
4	46
0	46
0	46
0	46
0	46
0	46
0	46
0	46
0	46
0	46
0	46
0	46
0	46
0	46
0	46
0	46
0	46
0	46
1	45
0	45
0	45
0	45
0	45
0	45
0	45
0	45
0	45
0	45
0	45
0	45
0	45
0	45
0	45
0	45
2	43
6	37
0	37
0	37
0	37
0	37
0	37
0	37
0	37
0	37
0	37
0	37
0	37
0	37
0	37
0	37
0	37
0	37
1	36
0	36
0	36
0	36
0	36
0	36
0	36
0	36
0	36
0	36
1	35
0	35
0	35
0	35
0	35
0	35
0	35
0	35
0	35
0	35
0	35
0	35
2	33
0	33
0	33
0	33
0	33
0	33
0	33
0	33
0	33
0	33
0	33
0	33
0	33
0	33
0	33
0	33
0	33
0	33
0	33
0	33
0	33
0	33
0	33
0	33
0	33
0	33
0	33
0	33
0	33
0	33
0	33
0	33
0	33
0	33
0	33
0	33
0	33
0	33
0	33
0	33
0	33
0	33
0	33
0	33
0	33
0	33
0	33
0	33
0	33
0	33
0	33
1	32
0	32
0	32
0	32
0	32
0	32
0	32
0	32
0	32
0	32
0	32
0	32
0	32
0	32
0	32
0	32
2	30
0	30
0	30
0	30
0	30
0	30
0	30
0	30
0	30
0	30
0	30
0	30
0	30
0	30
0	30
1	29
0	29
0	29
0	29
0	29
0	29
0	29
0	29
0	29
2	27
0	27
0	27
0	27
0	27
0	27
0	27
0	27
0	27
0	27
0	27
0	27
0	27
0	27
0	27
0	27
0	27
0	27
0	27
0	27
0	27
0	27
0	27
0	27
0	27
0	27
0	27
0	27
0	27
0	27
0	27
0	27
0	27
0	27
0	27
0	27
0	27
0	27
0	27
0	27
0	27
0	27
0	27
0	27
0	27
0	27
0	27
0	27
0	27
0	27
0	27
0	27
0	27
0	27
0	27
0	27
0	27
0	27
0	27
0	27
0	27
0	27
1	26
0	26
0	26
0	26
0	26
0	26
0	26
0	26
0	26
0	26
0	26
0	26
0	26
0	26
0	26
0	26
0	26
1	25
0	25
0	25
0	25
3	22
0	22
0	22
0	22
0	22
0	22
0	22
0	22
0	22
0	22
0	22
0	22
0	22
0	22
0	22
0	22
0	22
0	22
0	22
0	22
0	22
0	22
0	22
0	22
0	22
0	22
0	22
0	22
0	22
0	22
0	22
0	22
0	22
0	22
0	22
0	22
0	22
0	22
0	22
0	22
0	22
0	22
0	22
0	22
0	22
0	22
0	22
0	22
0	22
0	22
0	22
0	22
0	22
0	22
0	22
0	22
0	22
0	22
0	22
0	22
0	22
0	22
0	22
0	22
0	22
0	22
0	22
0	22
0	22
0	22
0	22
0	22
0	22
0	22
3	19
0	19
0	19
0	19
0	19
0	19
0	19
0	19
0	19
0	19
0	19
0	19
0	19
0	19
0	19
0	19
0	19
0	19
0	19
0	19
0	19
0	19
0	19
0	19
0	19
0	19
0	19
0	19
0	19
0	19
0	19
0	19
0	19
0	19
0	19
0	19
0	19
2	17
0	17
0	17
0	17
0	17
0	17
0	17
0	17
0	17
0	17
0	17
0	17
0	17
0	17
0	17
0	17
0	17
0	17
0	17
0	17
0	17
0	17
0	17
0	17
0	17
0	17
0	17
0	17
0	17
0	17
0	17
0	17
0	17
0	17
0	17
0	17
0	17
0	17
0	17
0	17
0	17
0	17
0	17
0	17
0	17
0	17
0	17
0	17
0	17
0	17
0	17
0	17
0	17
0	17
0	17
0	17
0	17
0	17
0	17
0	17
0	17
0	17
0	17
0	17
0	17
0	17
0	17
0	17
0	17
0	17
2	15
1	14
0	14
0	14
0	14
0	14
1	13
0	13
1	12
3	9
0	9
0	9
0	9
0	9
0	9
0	9
0	9
0	9
0	9
0	9
0	9
0	9
0	9
0	9
0	9
0	9
0	9
0	9
0	9
0	9
0	9
0	9
0	9
0	9
0	9
0	9
0	9
0	9
0	9
0	9
0	9
0	9
0	9
0	9
0	9
0	9
0	9
0	9
0	9
0	9
0	9
0	9
0	9
0	9
0	9
0	9
0	9
0	9
0	9
0	9
0	9
0	9
0	9
0	9
0	9
0	9
0	9
0	9
0	9
0	9
0	9
0	9
0	9
0	9
0	9
0	9
0	9
0	9
0	9
0	9
0	9
0	9
0	9
0	9
0	9
0	9
0	9
0	9
0	9
0	9
0	9
0	9
0	9
0	9
0	9
0	9
0	9
0	9
0	9
0	9
0	9
0	9
0	9
0	9
0	9
0	9
0	9
0	9
0	9
0	9
0	9
0	9
0	9
0	9
0	9
0	9
0	9
0	9
0	9
0	9
0	9
0	9
0	9
0	9
0	9
0	9
0	9
0	9
0	9
0	9
0	9
0	9
0	9
0	9
0	9
0	9
0	9
0	9
0	9
0	9
0	9
0	9
0	9
0	9
0	9
0	9
0	9
0	9
0	9
0	9
0	9
0	9
0	9
0	9
0	9
0	9
0	9
0	9
0	9
0	9
2	7
0	7
0	7
0	7
0	7
0	7
0	7
0	7
0	7
0	7
0	7
0	7
0	7
0	7
0	7
0	7
0	7
0	7
0	7
0	7
0	7
0	7
0	7
0	7
0	7
0	7
0	7
0	7
0	7
0	7
0	7
0	7
0	7
0	7
0	7
0	7
0	7
0	7
0	7
0	7
0	7
0	7
0	7
0	7
0	7
0	7
0	7
0	7
0	7
0	7
0	7
0	7
0	7
0	7
0	7
0	7
0	7
0	7
0	7
0	7
0	7
0	7
0	7
0	7
0	7
0	7
0	7
0	7
0	7
0	7
0	7
0	7
0	7
0	7
0	7
0	7
0	7
0	7
0	7
0	7
0	7
0	7
0	7
0	7
0	7
0	7
0	7
0	7
0	7
0	7
0	7
0	7
0	7
0	7
0	7
0	7
0	7
0	7
0	7
0	7
0	7
0	7
0	7
0	7
0	7
0	7
0	7
0	7
0	7
0	7
0	7
0	7
0	7
0	7
0	7
0	7
0	7
0	7
0	7
0	7
0	7
0	7
0	7
0	7
0	7
0	7
0	7
0	7
0	7
0	7
0	7
0	7
0	7
0	7
0	7
0	7
0	7
0	7
0	7
0	7
0	7
0	7
0	7
0	7
0	7
0	7
0	7
0	7
0	7
0	7
0	7
0	7
0	7
0	7
0	7
0	7
0	7
0	7
0	7
0	7
0	7
0	7
0	7
0	7
0	7
0	7
0	7
0	7
0	7
0	7
0	7
0	7
0	7
0	7
0	7
0	7
0	7
0	7
0	7
0	7
0	7
0	7
0	7
0	7
0	7
0	7
0	7
0	7
0	7
0	7
0	7
0	7
0	7
0	7
0	7
0	7
0	7
0	7
0	7
0	7
0	7
0	7
0	7
0	7
0	7
0	7
0	7
0	7
0	7
0	7
0	7
0	7
0	7
0	7
0	7
0	7
0	7
0	7
0	7
0	7
0	7
0	7
0	7
0	7
0	7
0	7
0	7
0	7
0	7
0	7
0	7
0	7
0	7
0	7
0	7
0	7
0	7
0	7
0	7
0	7
0	7
0	7
0	7
0	7
0	7
0	7
0	7
0	7
0	7
0	7
0	7
0	7
0	7
0	7
0	7
0	7
0	7
0	7
0	7
0	7
0	7
0	7
0	7
0	7
0	7
0	7
0	7
0	7
0	7
0	7
0	7
0	7
0	7
0	7
0	7
0	7
0	7
0	7
0	7
0	7
0	7
0	7
0	7
0	7
0	7
0	7
0	7
0	7
0	7
0	7
0	7
0	7
0	7
0	7
0	7
0	7
0	7
0	7
0	7
0	7
0	7
0	7
0	7
0	7
0	7
0	7
0	7
0	7
0	7
0	7
0	7
0	7
0	7
0	7
0	7
0	7
0	7
0	7
0	7
0	7
0	7
0	7
0	7
0	7
0	7
0	7
0	7
0	7
0	7
0	7
0	7
0	7
0	7
0	7
0	7
0	7
0	7
0	7
0	7
0	7
0	7
0	7
0	7
0	7
0	7
0	7
0	7
0	7
0	7
0	7
0	7
0	7
0	7
0	7
0	7
0	7
0	7
0	7
0	7
0	7
0	7
0	7
0	7
0	7
0	7
0	7
0	7
0	7
0	7
0	7
0	7
0	7
0	7
0	7
0	7
0	7
0	7
0	7
0	7
0	7
0	7
0	7
0	7
0	7
0	7
0	7
0	7
0	7
0	7
0	7
0	7
0	7
0	7
0	7
0	7
0	7
0	7
0	7
0	7
0	7
0	7
0	7
0	7
0	7
0	7
0	7
0	7
0	7
0	7
0	7
0	7
0	7
0	7
0	7
0	7
0	7
0	7
0	7
0	7
0	7
0	7
0	7
0	7
0	7
0	7
0	7
0	7
0	7
